# Logfile created on 2018-02-07 08:28:33 +0100 by logger.rb/56815
I, [2018-02-07T08:28:33.643398 #10830]  INFO -- : (0.000183s) PRAGMA foreign_keys = 1
I, [2018-02-07T08:28:33.643499 #10830]  INFO -- : (0.000027s) PRAGMA case_sensitive_like = 1
I, [2018-02-07T08:28:33.643685 #10830]  INFO -- : (0.000083s) SELECT sqlite_version()
I, [2018-02-07T08:28:33.643876 #10830]  INFO -- : (0.000035s) PRAGMA table_info('articles')
E, [2018-02-07T08:28:33.644058 #10830] ERROR -- : SQLite3::SQLException: no such table: articles: SELECT * FROM `articles` LIMIT 1
I, [2018-02-07T08:30:28.714065 #10910]  INFO -- : (0.000181s) PRAGMA foreign_keys = 1
I, [2018-02-07T08:30:28.714159 #10910]  INFO -- : (0.000028s) PRAGMA case_sensitive_like = 1
I, [2018-02-07T08:30:28.714358 #10910]  INFO -- : (0.000100s) SELECT sqlite_version()
I, [2018-02-07T08:30:28.714539 #10910]  INFO -- : (0.000028s) PRAGMA table_info('articles')
E, [2018-02-07T08:30:28.714729 #10910] ERROR -- : SQLite3::SQLException: no such table: articles: SELECT * FROM `articles` LIMIT 1
I, [2018-02-07T08:31:19.722750 #11015]  INFO -- : (0.000179s) PRAGMA foreign_keys = 1
I, [2018-02-07T08:31:19.722849 #11015]  INFO -- : (0.000028s) PRAGMA case_sensitive_like = 1
I, [2018-02-07T08:31:19.723022 #11015]  INFO -- : (0.000081s) SELECT sqlite_version()
I, [2018-02-07T08:31:19.723205 #11015]  INFO -- : (0.000026s) PRAGMA table_info('articles')
E, [2018-02-07T08:31:19.723396 #11015] ERROR -- : SQLite3::SQLException: no such table: articles: SELECT * FROM `articles` LIMIT 1
I, [2018-02-07T08:32:31.235288 #11177]  INFO -- : (0.000176s) PRAGMA foreign_keys = 1
I, [2018-02-07T08:32:31.235397 #11177]  INFO -- : (0.000019s) PRAGMA case_sensitive_like = 1
I, [2018-02-07T08:32:31.235587 #11177]  INFO -- : (0.000084s) SELECT sqlite_version()
I, [2018-02-07T08:32:31.235784 #11177]  INFO -- : (0.000034s) PRAGMA table_info('articles')
E, [2018-02-07T08:32:31.236056 #11177] ERROR -- : SQLite3::SQLException: no such table: articles: SELECT * FROM `articles` LIMIT 1
I, [2018-02-07T08:32:51.518877 #11194]  INFO -- : (0.000195s) PRAGMA foreign_keys = 1
I, [2018-02-07T08:32:51.518979 #11194]  INFO -- : (0.000020s) PRAGMA case_sensitive_like = 1
I, [2018-02-07T08:32:51.519171 #11194]  INFO -- : (0.000093s) SELECT sqlite_version()
I, [2018-02-07T08:32:51.519360 #11194]  INFO -- : (0.000026s) PRAGMA table_info('articles')
E, [2018-02-07T08:32:51.519560 #11194] ERROR -- : SQLite3::SQLException: no such table: articles: SELECT * FROM `articles` LIMIT 1
I, [2018-02-07T08:33:04.404317 #11256]  INFO -- : (0.000182s) PRAGMA foreign_keys = 1
I, [2018-02-07T08:33:04.404416 #11256]  INFO -- : (0.000019s) PRAGMA case_sensitive_like = 1
I, [2018-02-07T08:33:04.404604 #11256]  INFO -- : (0.000094s) SELECT sqlite_version()
I, [2018-02-07T08:33:04.404794 #11256]  INFO -- : (0.000027s) PRAGMA table_info('articles')
E, [2018-02-07T08:33:04.404982 #11256] ERROR -- : SQLite3::SQLException: no such table: articles: SELECT * FROM `articles` LIMIT 1
