# Logfile created on 2018-01-17 09:34:27 +0100 by logger.rb/56815
I, [2018-01-17T09:34:27.348080 #23306]  INFO -- : (0.000198s) PRAGMA foreign_keys = 1
I, [2018-01-17T09:34:27.348160 #23306]  INFO -- : (0.000018s) PRAGMA case_sensitive_like = 1
I, [2018-01-17T09:34:27.348342 #23306]  INFO -- : (0.000093s) SELECT sqlite_version()
I, [2018-01-17T09:34:27.348606 #23306]  INFO -- : (0.000108s) PRAGMA table_info('quotes')
I, [2018-01-17T09:35:21.172916 #23352]  INFO -- : (0.000205s) PRAGMA foreign_keys = 1
I, [2018-01-17T09:35:21.173003 #23352]  INFO -- : (0.000019s) PRAGMA case_sensitive_like = 1
I, [2018-01-17T09:35:21.173195 #23352]  INFO -- : (0.000081s) SELECT sqlite_version()
I, [2018-01-17T09:35:21.173471 #23352]  INFO -- : (0.000125s) PRAGMA table_info('quotes')
I, [2018-01-17T09:38:10.689030 #23539]  INFO -- : (0.000198s) PRAGMA foreign_keys = 1
I, [2018-01-17T09:38:10.689120 #23539]  INFO -- : (0.000021s) PRAGMA case_sensitive_like = 1
I, [2018-01-17T09:38:10.689315 #23539]  INFO -- : (0.000083s) SELECT sqlite_version()
I, [2018-01-17T09:38:10.689594 #23539]  INFO -- : (0.000124s) PRAGMA table_info('quotes')
I, [2018-01-17T09:40:47.662857 #23896]  INFO -- : (0.000211s) PRAGMA foreign_keys = 1
I, [2018-01-17T09:40:47.662950 #23896]  INFO -- : (0.000023s) PRAGMA case_sensitive_like = 1
I, [2018-01-17T09:40:47.663123 #23896]  INFO -- : (0.000080s) SELECT sqlite_version()
I, [2018-01-17T09:40:47.663378 #23896]  INFO -- : (0.000106s) PRAGMA table_info('quotes')
I, [2018-01-17T09:41:32.513315 #23953]  INFO -- : (0.000276s) PRAGMA foreign_keys = 1
I, [2018-01-17T09:41:32.513440 #23953]  INFO -- : (0.000028s) PRAGMA case_sensitive_like = 1
I, [2018-01-17T09:41:32.513684 #23953]  INFO -- : (0.000115s) SELECT sqlite_version()
I, [2018-01-17T09:41:32.514101 #23953]  INFO -- : (0.000203s) PRAGMA table_info('quotes')
